This is pdfTeX, Version 3.14159265-2.6-1.40.16 (TeX Live 2015) (preloaded format=pdflatex 2016.1.2)  26 JAN 2016 17:00
entering extended mode
 restricted \write18 enabled.
 %&-line parsing enabled.
**/Users/raph/Prog/Python/Apprendre/API/main.py
(/Users/raph/Prog/Python/Apprendre/API/main.py
LaTeX2e <2015/01/01>
Babel <3.9l> and hyphenation patterns for 21 languages loaded.
! You can't use `macro parameter character #' in vertical mode.
l.1 #
      coding: utf-8
? 
! Emergency stop.
l.1 #
      coding: utf-8
End of file on the terminal!

 
Here is how much of TeX's memory you used:
 7 strings out of 494501
 228 string characters out of 6167031
 47480 words of memory out of 5000000
 3386 multiletter control sequences out of 15000+600000
 3640 words of font info for 14 fonts, out of 8000000 for 9000
 319 hyphenation exceptions out of 8191
 5i,0n,1p,63b,8s stack positions out of 5000i,500n,10000p,200000b,80000s
!  ==> Fatal error occurred, no output PDF file produced!
